[02-Apr-2025 13:27:14 UTC] PHP Fatal error:  Uncaught Error: Class "App\Controllers\HomeController" not found in C:\xampp\htdocs\school_oop\app\Routing\Router.php:59
Stack trace:
#0 C:\xampp\htdocs\school_oop\app\Routing\Router.php(23): App\Routing\Router->handleGetRequests()
#1 C:\xampp\htdocs\school_oop\app\Routing\Router.php(17): App\Routing\Router->dispatch()
#2 C:\xampp\htdocs\school_oop\public\index.php(11): App\Routing\Router->handle()
#3 {main}
  thrown in C:\xampp\htdocs\school_oop\app\Routing\Router.php on line 59
[02-Apr-2025 13:27:15 UTC] PHP Fatal error:  Uncaught Error: Class "App\Controllers\HomeController" not found in C:\xampp\htdocs\school_oop\app\Routing\Router.php:59
Stack trace:
#0 C:\xampp\htdocs\school_oop\app\Routing\Router.php(23): App\Routing\Router->handleGetRequests()
#1 C:\xampp\htdocs\school_oop\app\Routing\Router.php(17): App\Routing\Router->dispatch()
#2 C:\xampp\htdocs\school_oop\public\index.php(11): App\Routing\Router->handle()
#3 {main}
  thrown in C:\xampp\htdocs\school_oop\app\Routing\Router.php on line 59
[02-Apr-2025 13:27:17 UTC] PHP Fatal error:  Uncaught Error: Class "App\Controllers\HomeController" not found in C:\xampp\htdocs\school_oop\app\Routing\Router.php:59
Stack trace:
#0 C:\xampp\htdocs\school_oop\app\Routing\Router.php(23): App\Routing\Router->handleGetRequests()
#1 C:\xampp\htdocs\school_oop\app\Routing\Router.php(17): App\Routing\Router->dispatch()
#2 C:\xampp\htdocs\school_oop\public\index.php(11): App\Routing\Router->handle()
#3 {main}
  thrown in C:\xampp\htdocs\school_oop\app\Routing\Router.php on line 59
[02-Apr-2025 13:28:41 UTC] PHP Fatal error:  Uncaught Error: Class "App\Controllers\HomeController" not found in C:\xampp\htdocs\school_oop\app\Routing\Router.php:59
Stack trace:
#0 C:\xampp\htdocs\school_oop\app\Routing\Router.php(23): App\Routing\Router->handleGetRequests()
#1 C:\xampp\htdocs\school_oop\app\Routing\Router.php(17): App\Routing\Router->dispatch()
#2 C:\xampp\htdocs\school_oop\public\index.php(11): App\Routing\Router->handle()
#3 {main}
  thrown in C:\xampp\htdocs\school_oop\app\Routing\Router.php on line 59
[02-Apr-2025 13:33:19 UTC] PHP Fatal error:  Uncaught Error: Class "App\Controllers\HomeController" not found in C:\xampp\htdocs\school_oop\app\Routing\Router.php:59
Stack trace:
#0 C:\xampp\htdocs\school_oop\app\Routing\Router.php(23): App\Routing\Router->handleGetRequests()
#1 C:\xampp\htdocs\school_oop\app\Routing\Router.php(17): App\Routing\Router->dispatch()
#2 C:\xampp\htdocs\school_oop\public\index.php(11): App\Routing\Router->handle()
#3 {main}
  thrown in C:\xampp\htdocs\school_oop\app\Routing\Router.php on line 59
[02-Apr-2025 13:38:33 UTC] PHP Fatal error:  Uncaught Error: Class "App\Controllers\HomeController" not found in C:\xampp\htdocs\school_oop\app\Routing\Router.php:59
Stack trace:
#0 C:\xampp\htdocs\school_oop\app\Routing\Router.php(23): App\Routing\Router->handleGetRequests()
#1 C:\xampp\htdocs\school_oop\app\Routing\Router.php(17): App\Routing\Router->dispatch()
#2 C:\xampp\htdocs\school_oop\public\index.php(11): App\Routing\Router->handle()
#3 {main}
  thrown in C:\xampp\htdocs\school_oop\app\Routing\Router.php on line 59
[02-Apr-2025 13:45:15 UTC] PHP Fatal error:  Uncaught Error: Class "app\views\Layout" not found in C:\xampp\htdocs\school_oop\app\views\View.php:14
Stack trace:
#0 C:\xampp\htdocs\school_oop\app\Controllers\HomeController.php(10): app\views\View::render()
#1 C:\xampp\htdocs\school_oop\app\Routing\Router.php(59): App\Controllers\HomeController::index()
#2 C:\xampp\htdocs\school_oop\app\Routing\Router.php(23): App\Routing\Router->handleGetRequests()
#3 C:\xampp\htdocs\school_oop\app\Routing\Router.php(17): App\Routing\Router->dispatch()
#4 C:\xampp\htdocs\school_oop\public\index.php(11): App\Routing\Router->handle()
#5 {main}
  thrown in C:\xampp\htdocs\school_oop\app\views\View.php on line 14
[02-Apr-2025 13:46:25 UTC] PHP Fatal error:  Declaration of App\Controllers\SubjectController::show(int $id): void must be compatible with App\Controllers\Controller::show() in C:\xampp\htdocs\school_oop\app\Controllers\SubjectController.php on line 60
[02-Apr-2025 13:46:28 UTC] PHP Fatal error:  Declaration of App\Controllers\SubjectController::show(int $id): void must be compatible with App\Controllers\Controller::show() in C:\xampp\htdocs\school_oop\app\Controllers\SubjectController.php on line 60
[09-Apr-2025 11:42:40 UTC] PHP Fatal error:  Declaration of App\Controllers\SubjectController::show(int $id): void must be compatible with App\Controllers\Controller::show() in C:\xampp\htdocs\school_oop_alap\app\Controllers\SubjectController.php on line 60
[09-Apr-2025 11:49:54 UTC] could not find driver
[09-Apr-2025 11:49:54 UTC] PHP Fatal error:  Uncaught RuntimeException: Database connection error. in C:\xampp\htdocs\school_oop_alap\app\Database\Database.php:30
Stack trace:
#0 C:\xampp\htdocs\school_oop_alap\app\Database\Database.php(36): App\Database\Database->__construct()
#1 C:\xampp\htdocs\school_oop_alap\app\Models\Model.php(17): App\Database\Database::getInstance()
#2 C:\xampp\htdocs\school_oop_alap\app\Models\Subject.php(12): App\Models\Model->__construct()
#3 C:\xampp\htdocs\school_oop_alap\app\Controllers\SubjectController.php(11): App\Models\Subject->__construct()
#4 C:\xampp\htdocs\school_oop_alap\app\Routing\Router.php(62): App\Controllers\SubjectController->__construct()
#5 C:\xampp\htdocs\school_oop_alap\app\Routing\Router.php(23): App\Routing\Router->handleGetRequests()
#6 C:\xampp\htdocs\school_oop_alap\app\Routing\Router.php(17): App\Routing\Router->dispatch()
#7 C:\xampp\htdocs\school_oop_alap\public\index.php(11): App\Routing\Router->handle()
#8 {main}
  thrown in C:\xampp\htdocs\school_oop_alap\app\Database\Database.php on line 30
[09-Apr-2025 11:50:05 UTC] could not find driver
[09-Apr-2025 11:50:05 UTC] PHP Fatal error:  Uncaught RuntimeException: Database connection error. in C:\xampp\htdocs\school_oop_alap\app\Database\Database.php:30
Stack trace:
#0 C:\xampp\htdocs\school_oop_alap\app\Database\Database.php(36): App\Database\Database->__construct()
#1 C:\xampp\htdocs\school_oop_alap\app\Models\Model.php(17): App\Database\Database::getInstance()
#2 C:\xampp\htdocs\school_oop_alap\app\Models\Subject.php(12): App\Models\Model->__construct()
#3 C:\xampp\htdocs\school_oop_alap\app\Controllers\SubjectController.php(11): App\Models\Subject->__construct()
#4 C:\xampp\htdocs\school_oop_alap\app\Routing\Router.php(62): App\Controllers\SubjectController->__construct()
#5 C:\xampp\htdocs\school_oop_alap\app\Routing\Router.php(23): App\Routing\Router->handleGetRequests()
#6 C:\xampp\htdocs\school_oop_alap\app\Routing\Router.php(17): App\Routing\Router->dispatch()
#7 C:\xampp\htdocs\school_oop_alap\public\index.php(11): App\Routing\Router->handle()
#8 {main}
  thrown in C:\xampp\htdocs\school_oop_alap\app\Database\Database.php on line 30
[09-Apr-2025 11:55:50 UTC] could not find driver
[09-Apr-2025 11:55:50 UTC] PHP Fatal error:  Uncaught RuntimeException: Database connection error. in C:\xampp\htdocs\school_oop_alap\app\Database\Database.php:30
Stack trace:
#0 C:\xampp\htdocs\school_oop_alap\app\Database\Database.php(36): App\Database\Database->__construct()
#1 C:\xampp\htdocs\school_oop_alap\app\Models\Model.php(17): App\Database\Database::getInstance()
#2 C:\xampp\htdocs\school_oop_alap\app\Models\Subject.php(12): App\Models\Model->__construct()
#3 C:\xampp\htdocs\school_oop_alap\app\Controllers\SubjectController.php(11): App\Models\Subject->__construct()
#4 C:\xampp\htdocs\school_oop_alap\app\Routing\Router.php(62): App\Controllers\SubjectController->__construct()
#5 C:\xampp\htdocs\school_oop_alap\app\Routing\Router.php(23): App\Routing\Router->handleGetRequests()
#6 C:\xampp\htdocs\school_oop_alap\app\Routing\Router.php(17): App\Routing\Router->dispatch()
#7 C:\xampp\htdocs\school_oop_alap\public\index.php(11): App\Routing\Router->handle()
#8 {main}
  thrown in C:\xampp\htdocs\school_oop_alap\app\Database\Database.php on line 30
[09-Apr-2025 11:57:22 UTC] could not find driver
[09-Apr-2025 11:57:22 UTC] PHP Fatal error:  Uncaught RuntimeException: Database connection error. in C:\xampp\htdocs\school_oop_alap\app\Database\Database.php:30
Stack trace:
#0 C:\xampp\htdocs\school_oop_alap\app\Database\Database.php(36): App\Database\Database->__construct()
#1 C:\xampp\htdocs\school_oop_alap\app\Models\Model.php(17): App\Database\Database::getInstance()
#2 C:\xampp\htdocs\school_oop_alap\app\Models\Subject.php(12): App\Models\Model->__construct()
#3 C:\xampp\htdocs\school_oop_alap\app\Controllers\SubjectController.php(11): App\Models\Subject->__construct()
#4 C:\xampp\htdocs\school_oop_alap\app\Routing\Router.php(62): App\Controllers\SubjectController->__construct()
#5 C:\xampp\htdocs\school_oop_alap\app\Routing\Router.php(23): App\Routing\Router->handleGetRequests()
#6 C:\xampp\htdocs\school_oop_alap\app\Routing\Router.php(17): App\Routing\Router->dispatch()
#7 C:\xampp\htdocs\school_oop_alap\public\index.php(11): App\Routing\Router->handle()
#8 {main}
  thrown in C:\xampp\htdocs\school_oop_alap\app\Database\Database.php on line 30
[09-Apr-2025 12:23:05 UTC] could not find driver
[09-Apr-2025 12:23:05 UTC] PHP Fatal error:  Uncaught RuntimeException: Database connection error. in C:\xampp\htdocs\school_oop_alap\app\Database\Database.php:30
Stack trace:
#0 C:\xampp\htdocs\school_oop_alap\app\Database\Database.php(36): App\Database\Database->__construct()
#1 C:\xampp\htdocs\school_oop_alap\app\Models\Model.php(17): App\Database\Database::getInstance()
#2 C:\xampp\htdocs\school_oop_alap\app\Models\ClassModel.php(13): App\Models\Model->__construct()
#3 C:\xampp\htdocs\school_oop_alap\app\Controllers\ClassController.php(10): App\Models\ClassModel->__construct()
#4 C:\xampp\htdocs\school_oop_alap\app\Routing\Router.php(67): App\Controllers\ClassController->__construct()
#5 C:\xampp\htdocs\school_oop_alap\app\Routing\Router.php(24): App\Routing\Router->handleGetRequests()
#6 C:\xampp\htdocs\school_oop_alap\app\Routing\Router.php(18): App\Routing\Router->dispatch()
#7 C:\xampp\htdocs\school_oop_alap\public\index.php(11): App\Routing\Router->handle()
#8 {main}
  thrown in C:\xampp\htdocs\school_oop_alap\app\Database\Database.php on line 30
[09-Apr-2025 12:29:59 UTC] could not find driver
[09-Apr-2025 12:29:59 UTC] PHP Fatal error:  Uncaught RuntimeException: Database connection error. in C:\xampp\htdocs\school_oop_alap\app\Database\Database.php:30
Stack trace:
#0 C:\xampp\htdocs\school_oop_alap\app\Database\Database.php(36): App\Database\Database->__construct()
#1 C:\xampp\htdocs\school_oop_alap\app\Models\Model.php(17): App\Database\Database::getInstance()
#2 C:\xampp\htdocs\school_oop_alap\app\Models\ClassModel.php(13): App\Models\Model->__construct()
#3 C:\xampp\htdocs\school_oop_alap\app\Controllers\ClassController.php(10): App\Models\ClassModel->__construct()
#4 C:\xampp\htdocs\school_oop_alap\app\Routing\Router.php(67): App\Controllers\ClassController->__construct()
#5 C:\xampp\htdocs\school_oop_alap\app\Routing\Router.php(24): App\Routing\Router->handleGetRequests()
#6 C:\xampp\htdocs\school_oop_alap\app\Routing\Router.php(18): App\Routing\Router->dispatch()
#7 C:\xampp\htdocs\school_oop_alap\public\index.php(11): App\Routing\Router->handle()
#8 {main}
  thrown in C:\xampp\htdocs\school_oop_alap\app\Database\Database.php on line 30
[09-Apr-2025 12:37:40 UTC] could not find driver
[09-Apr-2025 12:37:40 UTC] PHP Fatal error:  Uncaught RuntimeException: Database connection error. in C:\xampp\htdocs\school_oop_alap\app\Database\Database.php:30
Stack trace:
#0 C:\xampp\htdocs\school_oop_alap\app\Database\Database.php(36): App\Database\Database->__construct()
#1 C:\xampp\htdocs\school_oop_alap\app\Models\Model.php(17): App\Database\Database::getInstance()
#2 C:\xampp\htdocs\school_oop_alap\app\Models\ClassModel.php(13): App\Models\Model->__construct()
#3 C:\xampp\htdocs\school_oop_alap\app\Controllers\ClassController.php(10): App\Models\ClassModel->__construct()
#4 C:\xampp\htdocs\school_oop_alap\app\Routing\Router.php(67): App\Controllers\ClassController->__construct()
#5 C:\xampp\htdocs\school_oop_alap\app\Routing\Router.php(24): App\Routing\Router->handleGetRequests()
#6 C:\xampp\htdocs\school_oop_alap\app\Routing\Router.php(18): App\Routing\Router->dispatch()
#7 C:\xampp\htdocs\school_oop_alap\public\index.php(11): App\Routing\Router->handle()
#8 {main}
  thrown in C:\xampp\htdocs\school_oop_alap\app\Database\Database.php on line 30
[09-Apr-2025 12:37:42 UTC] could not find driver
[09-Apr-2025 12:37:42 UTC] PHP Fatal error:  Uncaught RuntimeException: Database connection error. in C:\xampp\htdocs\school_oop_alap\app\Database\Database.php:30
Stack trace:
#0 C:\xampp\htdocs\school_oop_alap\app\Database\Database.php(36): App\Database\Database->__construct()
#1 C:\xampp\htdocs\school_oop_alap\app\Models\Model.php(17): App\Database\Database::getInstance()
#2 C:\xampp\htdocs\school_oop_alap\app\Models\ClassModel.php(13): App\Models\Model->__construct()
#3 C:\xampp\htdocs\school_oop_alap\app\Controllers\ClassController.php(10): App\Models\ClassModel->__construct()
#4 C:\xampp\htdocs\school_oop_alap\app\Routing\Router.php(67): App\Controllers\ClassController->__construct()
#5 C:\xampp\htdocs\school_oop_alap\app\Routing\Router.php(24): App\Routing\Router->handleGetRequests()
#6 C:\xampp\htdocs\school_oop_alap\app\Routing\Router.php(18): App\Routing\Router->dispatch()
#7 C:\xampp\htdocs\school_oop_alap\public\index.php(11): App\Routing\Router->handle()
#8 {main}
  thrown in C:\xampp\htdocs\school_oop_alap\app\Database\Database.php on line 30
[09-Apr-2025 12:38:22 UTC] could not find driver
[09-Apr-2025 12:38:22 UTC] PHP Fatal error:  Uncaught RuntimeException: Database connection error. in C:\xampp\htdocs\school_oop_alap\app\Database\Database.php:30
Stack trace:
#0 C:\xampp\htdocs\school_oop_alap\app\Database\Database.php(36): App\Database\Database->__construct()
#1 C:\xampp\htdocs\school_oop_alap\app\Models\Model.php(17): App\Database\Database::getInstance()
#2 C:\xampp\htdocs\school_oop_alap\app\Models\ClassModel.php(13): App\Models\Model->__construct()
#3 C:\xampp\htdocs\school_oop_alap\app\Controllers\ClassController.php(10): App\Models\ClassModel->__construct()
#4 C:\xampp\htdocs\school_oop_alap\app\Routing\Router.php(67): App\Controllers\ClassController->__construct()
#5 C:\xampp\htdocs\school_oop_alap\app\Routing\Router.php(24): App\Routing\Router->handleGetRequests()
#6 C:\xampp\htdocs\school_oop_alap\app\Routing\Router.php(18): App\Routing\Router->dispatch()
#7 C:\xampp\htdocs\school_oop_alap\public\index.php(11): App\Routing\Router->handle()
#8 {main}
  thrown in C:\xampp\htdocs\school_oop_alap\app\Database\Database.php on line 30
[09-Apr-2025 12:38:54 UTC] could not find driver
[09-Apr-2025 12:38:54 UTC] PHP Fatal error:  Uncaught RuntimeException: Database connection error. in C:\xampp\htdocs\school_oop_alap\app\Database\Database.php:30
Stack trace:
#0 C:\xampp\htdocs\school_oop_alap\app\Database\Database.php(36): App\Database\Database->__construct()
#1 C:\xampp\htdocs\school_oop_alap\app\Models\Model.php(17): App\Database\Database::getInstance()
#2 C:\xampp\htdocs\school_oop_alap\app\Models\ClassModel.php(13): App\Models\Model->__construct()
#3 C:\xampp\htdocs\school_oop_alap\app\Controllers\ClassController.php(10): App\Models\ClassModel->__construct()
#4 C:\xampp\htdocs\school_oop_alap\app\Routing\Router.php(67): App\Controllers\ClassController->__construct()
#5 C:\xampp\htdocs\school_oop_alap\app\Routing\Router.php(24): App\Routing\Router->handleGetRequests()
#6 C:\xampp\htdocs\school_oop_alap\app\Routing\Router.php(18): App\Routing\Router->dispatch()
#7 C:\xampp\htdocs\school_oop_alap\public\index.php(11): App\Routing\Router->handle()
#8 {main}
  thrown in C:\xampp\htdocs\school_oop_alap\app\Database\Database.php on line 30
[09-Apr-2025 15:01:04 Europe/Berlin] PHP Warning:  Undefined variable $subjects in C:\xampp\htdocs\school_oop_alap\app\views\subjects\index.php on line 5
[09-Apr-2025 15:01:04 Europe/Berlin] PHP Warning:  foreach() argument must be of type array|object, null given in C:\xampp\htdocs\school_oop_alap\app\views\subjects\index.php on line 5
[09-Apr-2025 15:02:14 Europe/Berlin] PHP Warning:  Undefined variable $subjects in C:\xampp\htdocs\school_oop_alap\app\views\subjects\index.php on line 5
[09-Apr-2025 15:02:14 Europe/Berlin] PHP Warning:  foreach() argument must be of type array|object, null given in C:\xampp\htdocs\school_oop_alap\app\views\subjects\index.php on line 5
[09-Apr-2025 15:06:24 Europe/Berlin] PHP Warning:  Undefined property: App\Models\ClassModel::$name in C:\xampp\htdocs\school_oop_alap\app\views\classes\index.php on line 8
[09-Apr-2025 15:06:24 Europe/Berlin] PHP Warning:  Undefined property: App\Models\ClassModel::$name in C:\xampp\htdocs\school_oop_alap\app\views\classes\index.php on line 8
[09-Apr-2025 15:06:24 Europe/Berlin] PHP Warning:  Undefined property: App\Models\ClassModel::$name in C:\xampp\htdocs\school_oop_alap\app\views\classes\index.php on line 8
[09-Apr-2025 15:06:24 Europe/Berlin] PHP Warning:  Undefined property: App\Models\ClassModel::$name in C:\xampp\htdocs\school_oop_alap\app\views\classes\index.php on line 8
[09-Apr-2025 15:06:24 Europe/Berlin] PHP Warning:  Undefined property: App\Models\ClassModel::$name in C:\xampp\htdocs\school_oop_alap\app\views\classes\index.php on line 8
[09-Apr-2025 15:06:24 Europe/Berlin] PHP Warning:  Undefined property: App\Models\ClassModel::$name in C:\xampp\htdocs\school_oop_alap\app\views\classes\index.php on line 8
[09-Apr-2025 15:06:24 Europe/Berlin] PHP Warning:  Undefined property: App\Models\ClassModel::$name in C:\xampp\htdocs\school_oop_alap\app\views\classes\index.php on line 8
[09-Apr-2025 15:06:24 Europe/Berlin] PHP Warning:  Undefined property: App\Models\ClassModel::$name in C:\xampp\htdocs\school_oop_alap\app\views\classes\index.php on line 8
[09-Apr-2025 15:06:24 Europe/Berlin] PHP Warning:  Undefined property: App\Models\ClassModel::$name in C:\xampp\htdocs\school_oop_alap\app\views\classes\index.php on line 8
[09-Apr-2025 15:06:24 Europe/Berlin] PHP Warning:  Undefined property: App\Models\ClassModel::$name in C:\xampp\htdocs\school_oop_alap\app\views\classes\index.php on line 8
[09-Apr-2025 15:06:24 Europe/Berlin] PHP Warning:  Undefined property: App\Models\ClassModel::$name in C:\xampp\htdocs\school_oop_alap\app\views\classes\index.php on line 8
[09-Apr-2025 15:06:24 Europe/Berlin] PHP Warning:  Undefined property: App\Models\ClassModel::$name in C:\xampp\htdocs\school_oop_alap\app\views\classes\index.php on line 8
[09-Apr-2025 15:06:24 Europe/Berlin] PHP Warning:  Undefined property: App\Models\ClassModel::$name in C:\xampp\htdocs\school_oop_alap\app\views\classes\index.php on line 8
[09-Apr-2025 15:06:24 Europe/Berlin] PHP Warning:  Undefined property: App\Models\ClassModel::$name in C:\xampp\htdocs\school_oop_alap\app\views\classes\index.php on line 8
[09-Apr-2025 15:06:24 Europe/Berlin] PHP Warning:  Undefined property: App\Models\ClassModel::$name in C:\xampp\htdocs\school_oop_alap\app\views\classes\index.php on line 8
[09-Apr-2025 15:06:24 Europe/Berlin] PHP Warning:  Undefined property: App\Models\ClassModel::$name in C:\xampp\htdocs\school_oop_alap\app\views\classes\index.php on line 8
[09-Apr-2025 15:06:24 Europe/Berlin] PHP Warning:  Undefined property: App\Models\ClassModel::$name in C:\xampp\htdocs\school_oop_alap\app\views\classes\index.php on line 8
[09-Apr-2025 15:06:24 Europe/Berlin] PHP Warning:  Undefined property: App\Models\ClassModel::$name in C:\xampp\htdocs\school_oop_alap\app\views\classes\index.php on line 8
[09-Apr-2025 15:35:39 Europe/Berlin] PHP Fatal error:  Uncaught TypeError: App\Controllers\SubjectController::edit(): Argument #1 ($id) must be of type int, null given, called in C:\xampp\htdocs\school_oop_alap\app\Routing\Router.php on line 56 and defined in C:\xampp\htdocs\school_oop_alap\app\Controllers\SubjectController.php:25
Stack trace:
#0 C:\xampp\htdocs\school_oop_alap\app\Routing\Router.php(56): App\Controllers\SubjectController->edit(NULL)
#1 C:\xampp\htdocs\school_oop_alap\app\Routing\Router.php(27): App\Routing\Router->handlePostRequests('/subjects/creat...')
#2 C:\xampp\htdocs\school_oop_alap\app\Routing\Router.php(18): App\Routing\Router->dispatch('POST', '/subjects/creat...')
#3 C:\xampp\htdocs\school_oop_alap\public\index.php(11): App\Routing\Router->handle()
#4 {main}
  thrown in C:\xampp\htdocs\school_oop_alap\app\Controllers\SubjectController.php on line 25
[09-Apr-2025 15:36:18 Europe/Berlin] PHP Fatal error:  Uncaught TypeError: App\Controllers\SubjectController::edit(): Argument #1 ($id) must be of type int, null given, called in C:\xampp\htdocs\school_oop_alap\app\Routing\Router.php on line 56 and defined in C:\xampp\htdocs\school_oop_alap\app\Controllers\SubjectController.php:25
Stack trace:
#0 C:\xampp\htdocs\school_oop_alap\app\Routing\Router.php(56): App\Controllers\SubjectController->edit(NULL)
#1 C:\xampp\htdocs\school_oop_alap\app\Routing\Router.php(27): App\Routing\Router->handlePostRequests('/subjects/creat...')
#2 C:\xampp\htdocs\school_oop_alap\app\Routing\Router.php(18): App\Routing\Router->dispatch('POST', '/subjects/creat...')
#3 C:\xampp\htdocs\school_oop_alap\public\index.php(11): App\Routing\Router->handle()
#4 {main}
  thrown in C:\xampp\htdocs\school_oop_alap\app\Controllers\SubjectController.php on line 25
[09-Apr-2025 15:38:41 Europe/Berlin] PHP Fatal error:  Uncaught TypeError: App\Controllers\SubjectController::edit(): Argument #1 ($id) must be of type int, null given, called in C:\xampp\htdocs\school_oop_alap\app\Routing\Router.php on line 56 and defined in C:\xampp\htdocs\school_oop_alap\app\Controllers\SubjectController.php:25
Stack trace:
#0 C:\xampp\htdocs\school_oop_alap\app\Routing\Router.php(56): App\Controllers\SubjectController->edit(NULL)
#1 C:\xampp\htdocs\school_oop_alap\app\Routing\Router.php(27): App\Routing\Router->handlePostRequests('/subjects/creat...')
#2 C:\xampp\htdocs\school_oop_alap\app\Routing\Router.php(18): App\Routing\Router->dispatch('POST', '/subjects/creat...')
#3 C:\xampp\htdocs\school_oop_alap\public\index.php(11): App\Routing\Router->handle()
#4 {main}
  thrown in C:\xampp\htdocs\school_oop_alap\app\Controllers\SubjectController.php on line 25
[09-Apr-2025 15:38:44 Europe/Berlin] PHP Fatal error:  Uncaught TypeError: App\Controllers\SubjectController::edit(): Argument #1 ($id) must be of type int, null given, called in C:\xampp\htdocs\school_oop_alap\app\Routing\Router.php on line 56 and defined in C:\xampp\htdocs\school_oop_alap\app\Controllers\SubjectController.php:25
Stack trace:
#0 C:\xampp\htdocs\school_oop_alap\app\Routing\Router.php(56): App\Controllers\SubjectController->edit(NULL)
#1 C:\xampp\htdocs\school_oop_alap\app\Routing\Router.php(27): App\Routing\Router->handlePostRequests('/subjects/creat...')
#2 C:\xampp\htdocs\school_oop_alap\app\Routing\Router.php(18): App\Routing\Router->dispatch('POST', '/subjects/creat...')
#3 C:\xampp\htdocs\school_oop_alap\public\index.php(11): App\Routing\Router->handle()
#4 {main}
  thrown in C:\xampp\htdocs\school_oop_alap\app\Controllers\SubjectController.php on line 25
[09-Apr-2025 15:40:58 Europe/Berlin] PHP Warning:  Undefined array key "id" in C:\xampp\htdocs\school_oop_alap\app\Routing\Router.php on line 56
[09-Apr-2025 15:40:58 Europe/Berlin] PHP Fatal error:  Uncaught TypeError: App\Controllers\SubjectController::edit(): Argument #1 ($id) must be of type int, null given, called in C:\xampp\htdocs\school_oop_alap\app\Routing\Router.php on line 56 and defined in C:\xampp\htdocs\school_oop_alap\app\Controllers\SubjectController.php:25
Stack trace:
#0 C:\xampp\htdocs\school_oop_alap\app\Routing\Router.php(56): App\Controllers\SubjectController->edit(NULL)
#1 C:\xampp\htdocs\school_oop_alap\app\Routing\Router.php(27): App\Routing\Router->handlePostRequests('/subjects/creat...')
#2 C:\xampp\htdocs\school_oop_alap\app\Routing\Router.php(18): App\Routing\Router->dispatch('POST', '/subjects/creat...')
#3 C:\xampp\htdocs\school_oop_alap\public\index.php(11): App\Routing\Router->handle()
#4 {main}
  thrown in C:\xampp\htdocs\school_oop_alap\app\Controllers\SubjectController.php on line 25
[09-Apr-2025 15:42:35 Europe/Berlin] PHP Warning:  Attempt to read property "id" on null in C:\xampp\htdocs\school_oop_alap\app\views\subjects\edit.php on line 6
[09-Apr-2025 15:42:35 Europe/Berlin] PHP Warning:  Attempt to read property "name" on null in C:\xampp\htdocs\school_oop_alap\app\views\subjects\edit.php on line 9
[09-Apr-2025 15:42:39 Europe/Berlin] PHP Warning:  Attempt to read property "id" on null in C:\xampp\htdocs\school_oop_alap\app\views\subjects\edit.php on line 6
[09-Apr-2025 15:42:39 Europe/Berlin] PHP Warning:  Attempt to read property "name" on null in C:\xampp\htdocs\school_oop_alap\app\views\subjects\edit.php on line 9
[09-Apr-2025 15:43:01 Europe/Berlin] PHP Warning:  Attempt to read property "id" on null in C:\xampp\htdocs\school_oop_alap\app\views\subjects\edit.php on line 6
[09-Apr-2025 15:43:01 Europe/Berlin] PHP Warning:  Attempt to read property "name" on null in C:\xampp\htdocs\school_oop_alap\app\views\subjects\edit.php on line 9
[29-Apr-2025 23:36:02 Europe/Berlin] SQLSTATE[42S02]: Base table or view not found: 1932 Table 'schoolbook.subjects' doesn't exist in engine
[30-Apr-2025 00:00:25 Europe/Berlin] SQLSTATE[42S02]: Base table or view not found: 1932 Table 'schoolbook.subjects' doesn't exist in engine
[30-Apr-2025 00:00:27 Europe/Berlin] SQLSTATE[42S02]: Base table or view not found: 1932 Table 'schoolbook.subjects' doesn't exist in engine
[30-Apr-2025 00:00:28 Europe/Berlin] SQLSTATE[42S02]: Base table or view not found: 1932 Table 'schoolbook.classes' doesn't exist in engine
[30-Apr-2025 00:00:30 Europe/Berlin] SQLSTATE[42S02]: Base table or view not found: 1932 Table 'schoolbook.subjects' doesn't exist in engine
[30-Apr-2025 00:00:32 Europe/Berlin] SQLSTATE[42S02]: Base table or view not found: 1932 Table 'schoolbook.classes' doesn't exist in engine
[30-Apr-2025 00:00:33 Europe/Berlin] SQLSTATE[42S02]: Base table or view not found: 1932 Table 'schoolbook.subjects' doesn't exist in engine
[30-Apr-2025 00:02:06 Europe/Berlin] PHP Fatal error:  Uncaught TypeError: App\Controllers\SubjectController::edit(): Argument #1 ($id) must be of type int, null given, called in C:\xampp\htdocs\Schoolbooks\school_oop\app\Routing\Router.php on line 56 and defined in C:\xampp\htdocs\Schoolbooks\school_oop\app\Controllers\SubjectController.php:25
Stack trace:
#0 C:\xampp\htdocs\Schoolbooks\school_oop\app\Routing\Router.php(56): App\Controllers\SubjectController->edit(NULL)
#1 C:\xampp\htdocs\Schoolbooks\school_oop\app\Routing\Router.php(27): App\Routing\Router->handlePostRequests('/subjects/creat...')
#2 C:\xampp\htdocs\Schoolbooks\school_oop\app\Routing\Router.php(18): App\Routing\Router->dispatch('POST', '/subjects/creat...')
#3 C:\xampp\htdocs\Schoolbooks\school_oop\public\index.php(11): App\Routing\Router->handle()
#4 {main}
  thrown in C:\xampp\htdocs\Schoolbooks\school_oop\app\Controllers\SubjectController.php on line 25
[30-Apr-2025 00:04:27 Europe/Berlin] SQLSTATE[42S02]: Base table or view not found: 1932 Table 'schoolbook.subjects' doesn't exist in engine
[30-Apr-2025 00:04:29 Europe/Berlin] SQLSTATE[42S02]: Base table or view not found: 1932 Table 'schoolbook.classes' doesn't exist in engine
[30-Apr-2025 00:04:30 Europe/Berlin] SQLSTATE[42S02]: Base table or view not found: 1932 Table 'schoolbook.subjects' doesn't exist in engine
[30-Apr-2025 00:04:31 Europe/Berlin] SQLSTATE[42S02]: Base table or view not found: 1932 Table 'schoolbook.classes' doesn't exist in engine
[30-Apr-2025 00:11:08 Europe/Berlin] SQLSTATE[42000]: Syntax error or access violation: 1064 You have an error in your SQL syntax; check the manual that corresponds to your MariaDB server version for the right syntax to use near 'WHERE id = ?' at line 1
[30-Apr-2025 00:11:10 Europe/Berlin] SQLSTATE[42000]: Syntax error or access violation: 1064 You have an error in your SQL syntax; check the manual that corresponds to your MariaDB server version for the right syntax to use near 'WHERE id = ?' at line 1
[30-Apr-2025 00:20:59 Europe/Berlin] SQLSTATE[42000]: Syntax error or access violation: 1064 You have an error in your SQL syntax; check the manual that corresponds to your MariaDB server version for the right syntax to use near 'WHERE id = ?' at line 1
[30-Apr-2025 00:21:03 Europe/Berlin] SQLSTATE[42000]: Syntax error or access violation: 1064 You have an error in your SQL syntax; check the manual that corresponds to your MariaDB server version for the right syntax to use near 'WHERE id = ?' at line 1
[30-Apr-2025 00:21:04 Europe/Berlin] SQLSTATE[42000]: Syntax error or access violation: 1064 You have an error in your SQL syntax; check the manual that corresponds to your MariaDB server version for the right syntax to use near 'WHERE id = ?' at line 1
[30-Apr-2025 00:22:46 Europe/Berlin] SQLSTATE[42000]: Syntax error or access violation: 1064 You have an error in your SQL syntax; check the manual that corresponds to your MariaDB server version for the right syntax to use near 'WHERE id = ?' at line 1
[30-Apr-2025 00:22:47 Europe/Berlin] SQLSTATE[42000]: Syntax error or access violation: 1064 You have an error in your SQL syntax; check the manual that corresponds to your MariaDB server version for the right syntax to use near 'WHERE id = ?' at line 1
[30-Apr-2025 00:25:11 Europe/Berlin] SQLSTATE[42000]: Syntax error or access violation: 1064 You have an error in your SQL syntax; check the manual that corresponds to your MariaDB server version for the right syntax to use near 'WHERE id = ?' at line 1
[30-Apr-2025 00:25:12 Europe/Berlin] SQLSTATE[42000]: Syntax error or access violation: 1064 You have an error in your SQL syntax; check the manual that corresponds to your MariaDB server version for the right syntax to use near 'WHERE id = ?' at line 1
[30-Apr-2025 00:25:13 Europe/Berlin] SQLSTATE[42000]: Syntax error or access violation: 1064 You have an error in your SQL syntax; check the manual that corresponds to your MariaDB server version for the right syntax to use near 'WHERE id = ?' at line 1
[30-Apr-2025 00:26:30 Europe/Berlin] SQLSTATE[42000]: Syntax error or access violation: 1064 You have an error in your SQL syntax; check the manual that corresponds to your MariaDB server version for the right syntax to use near 'WHERE id = ?' at line 1
[30-Apr-2025 00:34:58 Europe/Berlin] SQLSTATE[42000]: Syntax error or access violation: 1064 You have an error in your SQL syntax; check the manual that corresponds to your MariaDB server version for the right syntax to use near 'WHERE id = ?' at line 1
[30-Apr-2025 00:37:23 Europe/Berlin] SQLSTATE[42S02]: Base table or view not found: 1146 Table 'schoolbook.subjects' doesn't exist
[30-Apr-2025 00:37:38 Europe/Berlin] SQLSTATE[42S02]: Base table or view not found: 1146 Table 'schoolbook.subjects' doesn't exist
[30-Apr-2025 00:37:38 Europe/Berlin] SQLSTATE[42S02]: Base table or view not found: 1146 Table 'schoolbook.subjects' doesn't exist
[30-Apr-2025 00:46:42 Europe/Berlin] SQLSTATE[42000]: Syntax error or access violation: 1064 You have an error in your SQL syntax; check the manual that corresponds to your MariaDB server version for the right syntax to use near 'WHERE id = ?' at line 1
[30-Apr-2025 00:46:45 Europe/Berlin] SQLSTATE[42000]: Syntax error or access violation: 1064 You have an error in your SQL syntax; check the manual that corresponds to your MariaDB server version for the right syntax to use near 'WHERE id = ?' at line 1
[30-Apr-2025 00:46:45 Europe/Berlin] SQLSTATE[42000]: Syntax error or access violation: 1064 You have an error in your SQL syntax; check the manual that corresponds to your MariaDB server version for the right syntax to use near 'WHERE id = ?' at line 1
[30-Apr-2025 00:47:19 Europe/Berlin] SQLSTATE[42000]: Syntax error or access violation: 1064 You have an error in your SQL syntax; check the manual that corresponds to your MariaDB server version for the right syntax to use near 'WHERE id = ?' at line 1
[30-Apr-2025 00:47:20 Europe/Berlin] SQLSTATE[42000]: Syntax error or access violation: 1064 You have an error in your SQL syntax; check the manual that corresponds to your MariaDB server version for the right syntax to use near 'WHERE id = ?' at line 1
[30-Apr-2025 00:49:33 Europe/Berlin] SQLSTATE[42000]: Syntax error or access violation: 1064 You have an error in your SQL syntax; check the manual that corresponds to your MariaDB server version for the right syntax to use near 'WHERE id = ?' at line 1
[30-Apr-2025 00:49:43 Europe/Berlin] SQLSTATE[42000]: Syntax error or access violation: 1064 You have an error in your SQL syntax; check the manual that corresponds to your MariaDB server version for the right syntax to use near 'WHERE id = ?' at line 1
